# JRE version: Java(TM) SE Runtime Environment (15.0+36) (build 15+36-1562)
# Java VM: Java HotSpot(TM) 64-Bit Server VM (15+36-1562, mixed mode, sharing, tiered, compressed oops, g1 gc, windows-amd64)
GC Precious Log:
 CPUs: 4 total, 4 available
 Memory: 8135M
 Large Page Support: Disabled
 NUMA Support: Disabled
 Compressed Oops: Enabled (32-bit)
 Heap Region Size: 1M
 Heap Min Capacity: 8M
 Heap Initial Capacity: 128M
 Heap Max Capacity: 2034M
 Pre-touch: Disabled
 Parallel Workers: 4
 Concurrent Workers: 1
 Concurrent Refinement Workers: 4
 Periodic GC: Disabled
Heap:
 garbage-first heap   total 423936K, used 220678K [0x0000000080e00000, 0x0000000100000000)
  region size 1024K, 10 young (10240K), 2 survivors (2048K)
 Metaspace       used 130927K, capacity 132402K, committed 133504K, reserved 1167360K
  class space    used 14624K, capacity 14995K, committed 15232K, reserved 1048576K
GC Heap History (20 events):
Event: 139.321 GC heap before
{Heap before GC invocations=53 (full 0):
 garbage-first heap   total 211968K, used 179350K [0x0000000080e00000, 0x0000000100000000)
  region size 1024K, 63 young (64512K), 8 survivors (8192K)
 Metaspace       used 108275K, capacity 109494K, committed 109696K, reserved 1146880K
  class space    used 12728K, capacity 13123K, committed 13184K, reserved 1048576K
}
Event: 139.373 GC heap after
{Heap after GC invocations=54 (full 0):
 garbage-first heap   total 211968K, used 126559K [0x0000000080e00000, 0x0000000100000000)
  region size 1024K, 8 young (8192K), 8 survivors (8192K)
 Metaspace       used 108275K, capacity 109494K, committed 109696K, reserved 1146880K
  class space    used 12728K, capacity 13123K, committed 13184K, reserved 1048576K
}
Event: 142.414 GC heap before
{Heap before GC invocations=55 (full 0):
 garbage-first heap   total 219136K, used 176735K [0x0000000080e00000, 0x0000000100000000)
  region size 1024K, 59 young (60416K), 8 survivors (8192K)
 Metaspace       used 111265K, capacity 112536K, committed 112640K, reserved 1148928K
  class space    used 13117K, capacity 13516K, committed 13568K, reserved 1048576K
}
Event: 142.464 GC heap after
{Heap after GC invocations=56 (full 0):
 garbage-first heap   total 219136K, used 128540K [0x0000000080e00000, 0x0000000100000000)
  region size 1024K, 8 young (8192K), 8 survivors (8192K)
 Metaspace       used 111265K, capacity 112536K, committed 112640K, reserved 1148928K
  class space    used 13117K, capacity 13516K, committed 13568K, reserved 1048576K
}
Event: 142.597 GC heap before
{Heap before GC invocations=56 (full 0):
 garbage-first heap   total 219136K, used 130588K [0x0000000080e00000, 0x0000000100000000)
  region size 1024K, 10 young (10240K), 8 survivors (8192K)
 Metaspace       used 111365K, capacity 112630K, committed 112896K, reserved 1148928K
  class space    used 13127K, capacity 13522K, committed 13568K, reserved 1048576K
}
Event: 142.684 GC heap after
{Heap after GC invocations=57 (full 0):
 garbage-first heap   total 219136K, used 117091K [0x0000000080e00000, 0x0000000100000000)
  region size 1024K, 2 young (2048K), 2 survivors (2048K)
 Metaspace       used 111365K, capacity 112630K, committed 112896K, reserved 1148928K
  class space    used 13127K, capacity 13522K, committed 13568K, reserved 1048576K
}
Event: 147.746 GC heap before
{Heap before GC invocations=57 (full 0):
 garbage-first heap   total 219136K, used 183651K [0x0000000080e00000, 0x0000000100000000)
  region size 1024K, 67 young (68608K), 2 survivors (2048K)
 Metaspace       used 113645K, capacity 114865K, committed 114944K, reserved 1150976K
  class space    used 13365K, capacity 13752K, committed 13824K, reserved 1048576K
}
Event: 147.766 GC heap after
{Heap after GC invocations=58 (full 0):
 garbage-first heap   total 219136K, used 119175K [0x0000000080e00000, 0x0000000100000000)
  region size 1024K, 4 young (4096K), 4 survivors (4096K)
 Metaspace       used 113645K, capacity 114865K, committed 114944K, reserved 1150976K
  class space    used 13365K, capacity 13752K, committed 13824K, reserved 1048576K
}
Event: 214.575 GC heap before
{Heap before GC invocations=59 (full 0):
 garbage-first heap   total 219136K, used 159111K [0x0000000080e00000, 0x0000000100000000)
  region size 1024K, 45 young (46080K), 4 survivors (4096K)
 Metaspace       used 116273K, capacity 117586K, committed 117760K, reserved 1153024K
  class space    used 13633K, capacity 14040K, committed 14080K, reserved 1048576K
}
Event: 214.592 GC heap after
{Heap after GC invocations=60 (full 0):
 garbage-first heap   total 219136K, used 120978K [0x0000000080e00000, 0x0000000100000000)
  region size 1024K, 6 young (6144K), 6 survivors (6144K)
 Metaspace       used 116273K, capacity 117586K, committed 117760K, reserved 1153024K
  class space    used 13633K, capacity 14040K, committed 14080K, reserved 1048576K
}
Event: 215.890 GC heap before
{Heap before GC invocations=61 (full 0):
 garbage-first heap   total 324608K, used 259218K [0x0000000080e00000, 0x0000000100000000)
  region size 1024K, 7 young (7168K), 6 survivors (6144K)
 Metaspace       used 116277K, capacity 117586K, committed 117760K, reserved 1153024K
  class space    used 13633K, capacity 14040K, committed 14080K, reserved 1048576K
}
Event: 215.918 GC heap after
{Heap after GC invocations=62 (full 0):
 garbage-first heap   total 324608K, used 187363K [0x0000000080e00000, 0x0000000100000000)
  region size 1024K, 3 young (3072K), 3 survivors (3072K)
 Metaspace       used 116277K, capacity 117586K, committed 117760K, reserved 1153024K
  class space    used 13633K, capacity 14040K, committed 14080K, reserved 1048576K
}
Event: 227.078 GC heap before
{Heap before GC invocations=63 (full 0):
 garbage-first heap   total 423936K, used 337891K [0x0000000080e00000, 0x0000000100000000)
  region size 1024K, 92 young (94208K), 3 survivors (3072K)
 Metaspace       used 127101K, capacity 128529K, committed 128640K, reserved 1163264K
  class space    used 14509K, capacity 14925K, committed 14976K, reserved 1048576K
}
Event: 227.099 GC heap after
{Heap after GC invocations=64 (full 0):
 garbage-first heap   total 423936K, used 185606K [0x0000000080e00000, 0x0000000100000000)
  region size 1024K, 7 young (7168K), 7 survivors (7168K)
 Metaspace       used 127101K, capacity 128529K, committed 128640K, reserved 1163264K
  class space    used 14509K, capacity 14925K, committed 14976K, reserved 1048576K
}
Event: 1961.173 GC heap before
{Heap before GC invocations=64 (full 0):
 garbage-first heap   total 423936K, used 333062K [0x0000000080e00000, 0x0000000100000000)
  region size 1024K, 152 young (155648K), 7 survivors (7168K)
 Metaspace       used 130330K, capacity 131986K, committed 132096K, reserved 1167360K
  class space    used 14644K, capacity 15063K, committed 15104K, reserved 1048576K
}
Event: 1961.318 GC heap after
{Heap after GC invocations=65 (full 0):
 garbage-first heap   total 423936K, used 190110K [0x0000000080e00000, 0x0000000100000000)
  region size 1024K, 11 young (11264K), 11 survivors (11264K)
 Metaspace       used 130330K, capacity 131986K, committed 132096K, reserved 1167360K
  class space    used 14644K, capacity 15063K, committed 15104K, reserved 1048576K
}
Event: 45399.014 GC heap before
{Heap before GC invocations=65 (full 0):
 garbage-first heap   total 423936K, used 361118K [0x0000000080e00000, 0x0000000100000000)
  region size 1024K, 168 young (172032K), 11 survivors (11264K)
 Metaspace       used 131585K, capacity 133433K, committed 133504K, reserved 1167360K
  class space    used 14724K, capacity 15187K, committed 15232K, reserved 1048576K
}
Event: 45401.464 GC heap after
{Heap after GC invocations=66 (full 0):
 garbage-first heap   total 423936K, used 212751K [0x0000000080e00000, 0x0000000100000000)
  region size 1024K, 21 young (21504K), 21 survivors (21504K)
 Metaspace       used 131585K, capacity 133433K, committed 133504K, reserved 1167360K
  class space    used 14724K, capacity 15187K, committed 15232K, reserved 1048576K
}
Event: 45404.540 GC heap before
{Heap before GC invocations=66 (full 0):
 garbage-first heap   total 423936K, used 216847K [0x0000000080e00000, 0x0000000100000000)
  region size 1024K, 22 young (22528K), 21 survivors (21504K)
 Metaspace       used 131585K, capacity 133433K, committed 133504K, reserved 1167360K
  class space    used 14724K, capacity 15187K, committed 15232K, reserved 1048576K
}
Event: 45405.850 GC heap after
{Heap after GC invocations=67 (full 0):
 garbage-first heap   total 423936K, used 216582K [0x0000000080e00000, 0x0000000100000000)
  region size 1024K, 2 young (2048K), 2 survivors (2048K)
 Metaspace       used 131585K, capacity 133433K, committed 133504K, reserved 1167360K
  class space    used 14724K, capacity 15187K, committed 15232K, reserved 1048576K
}

